2023-04-22 23:03:15.820  INFO 22096 --- [restartedMain] c.e.D.DepartmentempApplication           : Starting DepartmentempApplication using Java 17.0.3 on YI1012839LT with PID 22096 (D:\Assignment\Departmentemp\target\classes started by patidar.pradeep in D:\Assignment\Departmentemp)
2023-04-22 23:03:15.821  INFO 22096 --- [restartedMain] c.e.D.DepartmentempApplication           : No active profile set, falling back to 1 default profile: "default"
2023-04-22 23:03:15.948  INFO 22096 --- [restartedMain] .s.d.r.c.RepositoryConfigurationDelegate : Bootstrapping Spring Data JPA repositories in DEFAULT mode.
2023-04-22 23:03:15.973  INFO 22096 --- [restartedMain] .s.d.r.c.RepositoryConfigurationDelegate : Finished Spring Data repository scanning in 24 ms. Found 2 JPA repository interfaces.
2023-04-22 23:03:16.036  INFO 22096 --- [restartedMain] o.s.b.w.embedded.tomcat.TomcatWebServer  : Tomcat initialized with port(s): 9090 (http)
2023-04-22 23:03:16.038  INFO 22096 --- [restartedMain] o.apache.catalina.core.StandardService   : Starting service [Tomcat]
2023-04-22 23:03:16.038  INFO 22096 --- [restartedMain] org.apache.catalina.core.StandardEngine  : Starting Servlet engine: [Apache Tomcat/9.0.64]
2023-04-22 23:03:16.144  INFO 22096 --- [restartedMain] org.apache.jasper.servlet.TldScanner     : At least one JAR was scanned for TLDs yet contained no TLDs. Enable debug logging for this logger for a complete list of JARs that were scanned but no TLDs were found in them. Skipping unneeded JARs during scanning can improve startup time and JSP compilation time.
2023-04-22 23:03:16.146  INFO 22096 --- [restartedMain] o.a.c.c.C.[Tomcat].[localhost].[/]       : Initializing Spring embedded WebApplicationContext
2023-04-22 23:03:16.147  INFO 22096 --- [restartedMain] w.s.c.ServletWebServerApplicationContext : Root WebApplicationContext: initialization completed in 324 ms
2023-04-22 23:03:16.177  INFO 22096 --- [restartedMain] o.hibernate.jpa.internal.util.LogHelper  : HHH000204: Processing PersistenceUnitInfo [name: default]
2023-04-22 23:03:16.179  INFO 22096 --- [restartedMain] com.zaxxer.hikari.HikariDataSource       : HikariPool-6 - Starting...
2023-04-22 23:03:16.179  WARN 22096 --- [restartedMain] com.zaxxer.hikari.util.DriverDataSource  : Registered driver with driverClassName=com.mysql.jdbc.Driver was not found, trying direct instantiation.
2023-04-22 23:03:16.183  INFO 22096 --- [restartedMain] com.zaxxer.hikari.HikariDataSource       : HikariPool-6 - Start completed.
2023-04-22 23:03:16.184  INFO 22096 --- [restartedMain] org.hibernate.dialect.Dialect            : HHH000400: Using dialect: org.hibernate.dialect.MySQL5Dialect
2023-04-22 23:03:16.557  INFO 22096 --- [restartedMain] o.h.e.t.j.p.i.JtaPlatformInitiator       : HHH000490: Using JtaPlatform implementation: [org.hibernate.engine.transaction.jta.platform.internal.NoJtaPlatform]
2023-04-22 23:03:16.557  INFO 22096 --- [restartedMain] j.LocalContainerEntityManagerFactoryBean : Initialized JPA EntityManagerFactory for persistence unit 'default'
2023-04-22 23:03:16.603  WARN 22096 --- [restartedMain] JpaBaseConfiguration$JpaWebConfiguration : spring.jpa.open-in-view is enabled by default. Therefore, database queries may be performed during view rendering. Explicitly configure spring.jpa.open-in-view to disable this warning
2023-04-22 23:03:16.631  INFO 22096 --- [restartedMain] o.s.b.a.w.s.WelcomePageHandlerMapping    : Adding welcome page template: index
2023-04-22 23:03:16.658  INFO 22096 --- [restartedMain] o.s.b.d.a.OptionalLiveReloadServer       : LiveReload server is running on port 35729
2023-04-22 23:03:16.679  INFO 22096 --- [restartedMain] o.s.b.w.embedded.tomcat.TomcatWebServer  : Tomcat started on port(s): 9090 (http) with context path ''
2023-04-22 23:03:16.683  INFO 22096 --- [restartedMain] c.e.D.DepartmentempApplication           : Started DepartmentempApplication in 0.889 seconds (JVM running for 1705.964)
2023-04-22 23:03:16.684  INFO 22096 --- [restartedMain] .ConditionEvaluationDeltaLoggingListener : Condition evaluation unchanged
2023-04-22 23:04:38.190  INFO 22096 --- [http-nio-9090-exec-1] o.a.c.c.C.[Tomcat].[localhost].[/]       : Initializing Spring DispatcherServlet 'dispatcherServlet'
2023-04-22 23:04:38.191  INFO 22096 --- [http-nio-9090-exec-1] o.s.web.servlet.DispatcherServlet        : Initializing Servlet 'dispatcherServlet'
2023-04-22 23:04:38.193  INFO 22096 --- [http-nio-9090-exec-1] o.s.web.servlet.DispatcherServlet        : Completed initialization in 2 ms
2023-04-22 23:05:10.432  INFO 21072 --- [restartedMain] c.e.D.DepartmentempApplication           : Starting DepartmentempApplication using Java 17.0.3 on YI1012839LT with PID 21072 (D:\Assignment\Departmentemp\target\classes started by patidar.pradeep in D:\Assignment\Departmentemp)
2023-04-22 23:05:10.434  INFO 21072 --- [restartedMain] c.e.D.DepartmentempApplication           : No active profile set, falling back to 1 default profile: "default"
2023-04-22 23:05:10.491  INFO 21072 --- [restartedMain] .e.DevToolsPropertyDefaultsPostProcessor : Devtools property defaults active! Set 'spring.devtools.add-properties' to 'false' to disable
2023-04-22 23:05:10.491  INFO 21072 --- [restartedMain] .e.DevToolsPropertyDefaultsPostProcessor : For additional web related logging consider setting the 'logging.level.web' property to 'DEBUG'
2023-04-22 23:05:11.264  INFO 21072 --- [restartedMain] .s.d.r.c.RepositoryConfigurationDelegate : Bootstrapping Spring Data JPA repositories in DEFAULT mode.
2023-04-22 23:05:11.348  INFO 21072 --- [restartedMain] .s.d.r.c.RepositoryConfigurationDelegate : Finished Spring Data repository scanning in 71 ms. Found 2 JPA repository interfaces.
2023-04-22 23:05:12.180  INFO 21072 --- [restartedMain] o.s.b.w.embedded.tomcat.TomcatWebServer  : Tomcat initialized with port(s): 9090 (http)
2023-04-22 23:05:12.192  INFO 21072 --- [restartedMain] o.apache.catalina.core.StandardService   : Starting service [Tomcat]
2023-04-22 23:05:12.193  INFO 21072 --- [restartedMain] org.apache.catalina.core.StandardEngine  : Starting Servlet engine: [Apache Tomcat/9.0.64]
2023-04-22 23:05:12.531  INFO 21072 --- [restartedMain] org.apache.jasper.servlet.TldScanner     : At least one JAR was scanned for TLDs yet contained no TLDs. Enable debug logging for this logger for a complete list of JARs that were scanned but no TLDs were found in them. Skipping unneeded JARs during scanning can improve startup time and JSP compilation time.
2023-04-22 23:05:12.547  INFO 21072 --- [restartedMain] o.a.c.c.C.[Tomcat].[localhost].[/]       : Initializing Spring embedded WebApplicationContext
2023-04-22 23:05:12.547  INFO 21072 --- [restartedMain] w.s.c.ServletWebServerApplicationContext : Root WebApplicationContext: initialization completed in 2055 ms
2023-04-22 23:05:12.775  INFO 21072 --- [restartedMain] o.hibernate.jpa.internal.util.LogHelper  : HHH000204: Processing PersistenceUnitInfo [name: default]
2023-04-22 23:05:12.831  INFO 21072 --- [restartedMain] org.hibernate.Version                    : HHH000412: Hibernate ORM core version 5.6.9.Final
2023-04-22 23:05:13.019  INFO 21072 --- [restartedMain] o.hibernate.annotations.common.Version   : HCANN000001: Hibernate Commons Annotations {5.1.2.Final}
2023-04-22 23:05:13.131  INFO 21072 --- [restartedMain] com.zaxxer.hikari.HikariDataSource       : HikariPool-1 - Starting...
2023-04-22 23:05:13.136  WARN 21072 --- [restartedMain] com.zaxxer.hikari.util.DriverDataSource  : Registered driver with driverClassName=com.mysql.jdbc.Driver was not found, trying direct instantiation.
2023-04-22 23:05:13.289  INFO 21072 --- [restartedMain] com.zaxxer.hikari.HikariDataSource       : HikariPool-1 - Start completed.
2023-04-22 23:05:13.318  INFO 21072 --- [restartedMain] org.hibernate.dialect.Dialect            : HHH000400: Using dialect: org.hibernate.dialect.MySQL5Dialect
2023-04-22 23:05:14.191  INFO 21072 --- [restartedMain] o.h.e.t.j.p.i.JtaPlatformInitiator       : HHH000490: Using JtaPlatform implementation: [org.hibernate.engine.transaction.jta.platform.internal.NoJtaPlatform]
2023-04-22 23:05:14.198  INFO 21072 --- [restartedMain] j.LocalContainerEntityManagerFactoryBean : Initialized JPA EntityManagerFactory for persistence unit 'default'
2023-04-22 23:05:14.735  WARN 21072 --- [restartedMain] JpaBaseConfiguration$JpaWebConfiguration : spring.jpa.open-in-view is enabled by default. Therefore, database queries may be performed during view rendering. Explicitly configure spring.jpa.open-in-view to disable this warning
2023-04-22 23:05:14.933  INFO 21072 --- [restartedMain] o.s.b.a.w.s.WelcomePageHandlerMapping    : Adding welcome page template: index
2023-04-22 23:05:15.156  INFO 21072 --- [restartedMain] o.s.b.d.a.OptionalLiveReloadServer       : LiveReload server is running on port 35729
2023-04-22 23:05:15.244  INFO 21072 --- [restartedMain] o.s.b.w.embedded.tomcat.TomcatWebServer  : Tomcat started on port(s): 9090 (http) with context path ''
2023-04-22 23:05:15.275  INFO 21072 --- [restartedMain] c.e.D.DepartmentempApplication           : Started DepartmentempApplication in 5.284 seconds (JVM running for 5.936)
2023-04-22 23:05:43.910  INFO 21072 --- [http-nio-9090-exec-4] o.a.c.c.C.[Tomcat].[localhost].[/]       : Initializing Spring DispatcherServlet 'dispatcherServlet'
2023-04-22 23:05:43.911  INFO 21072 --- [http-nio-9090-exec-4] o.s.web.servlet.DispatcherServlet        : Initializing Servlet 'dispatcherServlet'
2023-04-22 23:05:43.913  INFO 21072 --- [http-nio-9090-exec-4] o.s.web.servlet.DispatcherServlet        : Completed initialization in 2 ms
2023-04-22 23:05:44.029  INFO 21072 --- [http-nio-9090-exec-4] c.e.D.Controller.MainController          : Main Method is working properly
